
12-08-2025 09:29:17 Пользователь Елена присоединился.
12-08-2025 09:29:27 Пользователь Виталик присоединился.
12-08-2025 09:29:32 Елена: Привет
12-08-2025 09:29:42 Виталик: Ку
12-08-2025 09:29:50 Елена: Как дела?
12-08-2025 09:29:55 Виталик: 
12-08-2025 09:30:05 Виталик: Нормально
12-08-2025 09:30:08 Виталик: твои как?
12-08-2025 09:32:07 Пользователь Елена отключился.
12-08-2025 10:45:10 Пользователь Виталик присоединился.
12-08-2025 10:45:20 Виталик: Привет
12-08-2025 10:45:31 Виталик: Как дела?
12-08-2025 13:31:15 Пользователь Виталик присоединился.
12-08-2025 13:31:17 Виталик: Привет
12-08-2025 13:31:23 Виталик: Проверка
12-08-2025 13:31:47 Test log message
12-08-2025 13:31:47 Пользователь Test message присоединился.
12-08-2025 13:31:47 Пользователь Test message отключился.
12-08-2025 13:32:27 Test log message
12-08-2025 13:32:27 Пользователь Test message присоединился.
12-08-2025 13:32:27 Пользователь Test message отключился.
12-08-2025 13:34:41 Пользователь Test message присоединился.
12-08-2025 13:34:41 Пользователь Test message отключился.
12-08-2025 13:34:57 Пользователь Test message присоединился.
12-08-2025 13:34:57 Пользователь Test message отключился.
12-08-2025 13:35:58 Пользователь Test message присоединился.
12-08-2025 13:35:58 Пользователь Test message отключился.
